<?xml version="1.0" encoding="UTF-8"?>
<!-- Generated by org.testng.reporters.JUnitReportReporter -->
<testsuite hostname="LAPTOP-NU0OESE7" failures="0" tests="1" name="PropertiesFile" time="0.021" errors="0" timestamp="21 Mar 2018 12:03:57 GMT">
  <testcase classname="PropertiesFile" name="testProperties" time="0.021"/>
</testsuite> <!-- PropertiesFile -->
