<?xml version="1.0" encoding="UTF-8"?>
<!-- Generated by org.testng.reporters.JUnitReportReporter -->
<testsuite hostname="LAPTOP-NU0OESE7" failures="0" tests="2" name="dataprovider.TestData1" time="54.094" errors="0" timestamp="20 Mar 2018 14:14:41 GMT">
  <testcase classname="dataprovider.TestData1" name="TestFireFox" time="32.803"/>
  <testcase classname="dataprovider.TestData1" name="TestFireFox" time="21.291"/>
</testsuite> <!-- dataprovider.TestData1 -->
